#
# There is insufficient memory for the Java Runtime Environment to continue.
# Native memory allocation (malloc) failed to allocate 342160 bytes for Chunk::new
# Possible reasons:
#   The system is out of physical RAM or swap space
#   The process is running with CompressedOops enabled, and the Java Heap may be blocking the growth of the native heap
# Possible solutions:
#   Reduce memory load on the system
#   Increase physical memory or swap space
#   Check if swap backing store is full
#   Decrease Java heap size (-Xmx/-Xms)
#   Decrease number of Java threads
#   Decrease Java thread stack sizes (-Xss)
#   Set larger code cache with -XX:ReservedCodeCacheSize=
#   JVM is running with Zero Based Compressed Oops mode in which the Java heap is
#     placed in the first 32GB address space. The Java Heap base address is the
#     maximum limit for the native heap growth. Please use -XX:HeapBaseMinAddress
#     to set the Java Heap base and to place the Java Heap above 32GB virtual address.
# This output file may be truncated or incomplete.
#
#  Out of Memory Error (arena.cpp:168), pid=170436, tid=159196
#
# JRE version: Java(TM) SE Runtime Environment (21.0.1+12) (build 21.0.1+12-LTS-29)
# Java VM: Java HotSpot(TM) 64-Bit Server VM (21.0.1+12-LTS-29, mixed mode, sharing, tiered, compressed oops, compressed class ptrs, g1 gc, windows-amd64)
# No core dump will be written. Minidumps are not enabled by default on client versions of Windows
#

---------------  S U M M A R Y ------------

Command Line: -Dfile.encoding=x-windows-949 -Duser.country=KR -Duser.language=ko -Duser.variant com.green.Shop.ShopApplication

Host: Intel(R) Core(TM) i5-7400 CPU @ 3.00GHz, 4 cores, 15G,  Windows 10 , 64 bit Build 19041 (10.0.19041.4842)
Time: Sat Oct  5 23:24:36 2024  Windows 10 , 64 bit Build 19041 (10.0.19041.4842) elapsed time: 1.829535 seconds (0d 0h 0m 1s)

---------------  T H R E A D  ---------------

Current thread (0x0000016345e9c4b0):  JavaThread "C2 CompilerThread0" daemon [_thread_in_native, id=159196, stack(0x0000002b75400000,0x0000002b75500000) (1024K)]


Current CompileTask:
C2:   1829 2249 %     4       java.util.Properties$LineReader::readLine @ 53 (584 bytes)

Stack: [0x0000002b75400000,0x0000002b75500000]
Native frames: (J=compiled Java code, j=interpreted, Vv=VM code, C=native code)
V  [jvm.dll+0x6c9029]
V  [jvm.dll+0x854b81]
V  [jvm.dll+0x856e5e]
V  [jvm.dll+0x857543]
V  [jvm.dll+0x280c06]
V  [jvm.dll+0xc3ead]
V  [jvm.dll+0xc43c3]
V  [jvm.dll+0x3b576c]
V  [jvm.dll+0x382475]
V  [jvm.dll+0x3818ea]
V  [jvm.dll+0x249ad0]
V  [jvm.dll+0x2490b1]
V  [jvm.dll+0x1c9ca1]
V  [jvm.dll+0x2586b9]
V  [jvm.dll+0x256c9a]
V  [jvm.dll+0x3ef1b6]
V  [jvm.dll+0x7fd728]
V  [jvm.dll+0x6c777d]
C  [ucrtbase.dll+0x21bb2]
C  [KERNEL32.DLL+0x17374]
C  [ntdll.dll+0x4cc91]


---------------  P R O C E S S  ---------------

Threads class SMR info:
_java_thread_list=0x000001638b9f1890, length=15, elements={
0x00000163253abd30, 0x0000016345e8b010, 0x0000016345e8bf30, 0x0000016345e92580,
0x0000016345e93260, 0x0000016345e94460, 0x0000016345e98b60, 0x0000016345e9c4b0,
0x0000016345ea0680, 0x000001638b14f0b0, 0x000001638b154b50, 0x000001638b4c4f50,
0x000001638be9b4e0, 0x000001638c0629f0, 0x000001638c049e80
}

Java Threads: ( => current thread )
  0x00000163253abd30 JavaThread "main"                              [_thread_blocked, id=166804, stack(0x0000002b74600000,0x0000002b74700000) (1024K)]
  0x0000016345e8b010 JavaThread "Reference Handler"          daemon [_thread_blocked, id=163016, stack(0x0000002b74e00000,0x0000002b74f00000) (1024K)]
  0x0000016345e8bf30 JavaThread "Finalizer"                  daemon [_thread_blocked, id=168068, stack(0x0000002b74f00000,0x0000002b75000000) (1024K)]
  0x0000016345e92580 JavaThread "Signal Dispatcher"          daemon [_thread_blocked, id=167092, stack(0x0000002b75000000,0x0000002b75100000) (1024K)]
  0x0000016345e93260 JavaThread "Attach Listener"            daemon [_thread_blocked, id=112224, stack(0x0000002b75100000,0x0000002b75200000) (1024K)]
  0x0000016345e94460 JavaThread "Service Thread"             daemon [_thread_blocked, id=111676, stack(0x0000002b75200000,0x0000002b75300000) (1024K)]
  0x0000016345e98b60 JavaThread "Monitor Deflation Thread"   daemon [_thread_blocked, id=161536, stack(0x0000002b75300000,0x0000002b75400000) (1024K)]
=>0x0000016345e9c4b0 JavaThread "C2 CompilerThread0"         daemon [_thread_in_native, id=159196, stack(0x0000002b75400000,0x0000002b75500000) (1024K)]
  0x0000016345ea0680 JavaThread "C1 CompilerThread0"         daemon [_thread_blocked, id=164060, stack(0x0000002b75500000,0x0000002b75600000) (1024K)]
  0x000001638b14f0b0 JavaThread "Notification Thread"        daemon [_thread_blocked, id=161960, stack(0x0000002b75600000,0x0000002b75700000) (1024K)]
  0x000001638b154b50 JavaThread "Common-Cleaner"             daemon [_thread_blocked, id=170900, stack(0x0000002b75700000,0x0000002b75800000) (1024K)]
  0x000001638b4c4f50 JavaThread "Thread-0"                          [_thread_blocked, id=95036, stack(0x0000002b75800000,0x0000002b75900000) (1024K)]
  0x000001638be9b4e0 JavaThread "restartedMain"                     [_thread_in_native, id=160196, stack(0x0000002b75c00000,0x0000002b75d00000) (1024K)]
  0x000001638c0629f0 JavaThread "background-preinit"                [_thread_in_vm, id=168920, stack(0x0000002b75d00000,0x0000002b75e00000) (1024K)]
  0x000001638c049e80 JavaThread "C2 CompilerThread1"         daemon [_thread_in_native, id=160116, stack(0x0000002b75e00000,0x0000002b75f00000) (1024K)]
Total: 15

Other Threads:
  0x0000016345e69c70 VMThread "VM Thread"                           [id=166012, stack(0x0000002b74d00000,0x0000002b74e00000) (1024K)]
  0x0000016345e523d0 WatcherThread "VM Periodic Task Thread"        [id=162940, stack(0x0000002b74c00000,0x0000002b74d00000) (1024K)]
  0x00000163275ded20 WorkerThread "GC Thread#0"                     [id=170016, stack(0x0000002b74700000,0x0000002b74800000) (1024K)]
  0x000001638b521110 WorkerThread "GC Thread#1"                     [id=165076, stack(0x0000002b75900000,0x0000002b75a00000) (1024K)]
  0x000001638b8505a0 WorkerThread "GC Thread#2"                     [id=152376, stack(0x0000002b75a00000,0x0000002b75b00000) (1024K)]
  0x000001638b850940 WorkerThread "GC Thread#3"                     [id=160208, stack(0x0000002b75b00000,0x0000002b75c00000) (1024K)]
  0x00000163275efc50 ConcurrentGCThread "G1 Main Marker"            [id=155892, stack(0x0000002b74800000,0x0000002b74900000) (1024K)]
  0x00000163275f20b0 WorkerThread "G1 Conc#0"                       [id=159392, stack(0x0000002b74900000,0x0000002b74a00000) (1024K)]
  0x000001632763eb60 ConcurrentGCThread "G1 Refine#0"               [id=154980, stack(0x0000002b74a00000,0x0000002b74b00000) (1024K)]
  0x0000016345d15c30 ConcurrentGCThread "G1 Service"                [id=167408, stack(0x0000002b74b00000,0x0000002b74c00000) (1024K)]
Total: 10

Threads with active compile tasks:
C2 CompilerThread0     1864 2249 %     4       java.util.Properties$LineReader::readLine @ 53 (584 bytes)
C2 CompilerThread1     1864 2207       4       java.lang.invoke.MethodType::methodType (69 bytes)
Total: 2

VM state: not at safepoint (normal execution)

VM Mutex/Monitor currently owned by a thread:  ([mutex/lock_event])
[0x00007ff8563b8578] Metaspace_lock - owner thread: 0x000001638c0629f0

Heap address: 0x0000000700a00000, size: 4086 MB, Compressed Oops mode: Zero based, Oop shift amount: 3

CDS archive(s) mapped at: [0x0000016346000000-0x0000016346c90000-0x0000016346c90000), size 13172736, SharedBaseAddress: 0x0000016346000000, ArchiveRelocationMode: 1.
Compressed class space mapped at: 0x0000016347000000-0x0000016387000000, reserved size: 1073741824
Narrow klass base: 0x0000016346000000, Narrow klass shift: 0, Narrow klass range: 0x100000000

GC Precious Log:
 CardTable entry size: 512
 Card Set container configuration: InlinePtr #cards 4 size 8 Array Of Cards #cards 16 size 48 Howl #buckets 8 coarsen threshold 3686 Howl Bitmap #cards 512 size 80 coarsen threshold 460 Card regions per heap region 1 cards per card region 4096
 CPUs: 4 total, 4 available
 Memory: 16342M
 Large Page Support: Disabled
 NUMA Support: Disabled
 Compressed Oops: Enabled (Zero based)
 Heap Region Size: 2M
 Heap Min Capacity: 8M
 Heap Initial Capacity: 256M
 Heap Max Capacity: 4086M
 Pre-touch: Disabled
 Parallel Workers: 4
 Concurrent Workers: 1
 Concurrent Refinement Workers: 4
 Periodic GC: Disabled

Heap:
 garbage-first heap   total 262144K, used 25403K [0x0000000700a00000, 0x0000000800000000)
  region size 2048K, 13 young (26624K), 2 survivors (4096K)
 Metaspace       used 17874K, committed 18176K, reserved 1114112K
  class space    used 2245K, committed 2368K, reserved 1048576K

Heap Regions: E=young(eden), S=young(survivor), O=old, HS=humongous(starts), HC=humongous(continues), CS=collection set, F=free, TAMS=top-at-mark-start, PB=parsable bottom
|   0|0x0000000700a00000, 0x0000000700c00000, 0x0000000700c00000|100%| O|  |TAMS 0x0000000700a00000| PB 0x0000000700a00000| Untracked 
|   1|0x0000000700c00000, 0x0000000700de6bd8, 0x0000000700e00000| 95%| O|  |TAMS 0x0000000700c00000| PB 0x0000000700c00000| Untracked 
|   2|0x0000000700e00000, 0x0000000700e00000, 0x0000000701000000|  0%| F|  |TAMS 0x0000000700e00000| PB 0x0000000700e00000| Untracked 
|   3|0x0000000701000000, 0x0000000701000000, 0x0000000701200000|  0%| F|  |TAMS 0x0000000701000000| PB 0x0000000701000000| Untracked 
|   4|0x0000000701200000, 0x0000000701200000, 0x0000000701400000|  0%| F|  |TAMS 0x0000000701200000| PB 0x0000000701200000| Untracked 
|   5|0x0000000701400000, 0x0000000701400000, 0x0000000701600000|  0%| F|  |TAMS 0x0000000701400000| PB 0x0000000701400000| Untracked 
|   6|0x0000000701600000, 0x0000000701600000, 0x0000000701800000|  0%| F|  |TAMS 0x0000000701600000| PB 0x0000000701600000| Untracked 
|   7|0x0000000701800000, 0x0000000701800000, 0x0000000701a00000|  0%| F|  |TAMS 0x0000000701800000| PB 0x0000000701800000| Untracked 
|   8|0x0000000701a00000, 0x0000000701a00000, 0x0000000701c00000|  0%| F|  |TAMS 0x0000000701a00000| PB 0x0000000701a00000| Untracked 
|   9|0x0000000701c00000, 0x0000000701c00000, 0x0000000701e00000|  0%| F|  |TAMS 0x0000000701c00000| PB 0x0000000701c00000| Untracked 
|  10|0x0000000701e00000, 0x0000000701e00000, 0x0000000702000000|  0%| F|  |TAMS 0x0000000701e00000| PB 0x0000000701e00000| Untracked 
|  11|0x0000000702000000, 0x0000000702000000, 0x0000000702200000|  0%| F|  |TAMS 0x0000000702000000| PB 0x0000000702000000| Untracked 
|  12|0x0000000702200000, 0x0000000702200000, 0x0000000702400000|  0%| F|  |TAMS 0x0000000702200000| PB 0x0000000702200000| Untracked 
|  13|0x0000000702400000, 0x0000000702400000, 0x0000000702600000|  0%| F|  |TAMS 0x0000000702400000| PB 0x0000000702400000| Untracked 
|  14|0x0000000702600000, 0x0000000702600000, 0x0000000702800000|  0%| F|  |TAMS 0x0000000702600000| PB 0x0000000702600000| Untracked 
|  15|0x0000000702800000, 0x0000000702800000, 0x0000000702a00000|  0%| F|  |TAMS 0x0000000702800000| PB 0x0000000702800000| Untracked 
|  16|0x0000000702a00000, 0x0000000702a00000, 0x0000000702c00000|  0%| F|  |TAMS 0x0000000702a00000| PB 0x0000000702a00000| Untracked 
|  17|0x0000000702c00000, 0x0000000702c00000, 0x0000000702e00000|  0%| F|  |TAMS 0x0000000702c00000| PB 0x0000000702c00000| Untracked 
|  18|0x0000000702e00000, 0x0000000702e00000, 0x0000000703000000|  0%| F|  |TAMS 0x0000000702e00000| PB 0x0000000702e00000| Untracked 
|  19|0x0000000703000000, 0x0000000703000000, 0x0000000703200000|  0%| F|  |TAMS 0x0000000703000000| PB 0x0000000703000000| Untracked 
|  20|0x0000000703200000, 0x0000000703200000, 0x0000000703400000|  0%| F|  |TAMS 0x0000000703200000| PB 0x0000000703200000| Untracked 
|  21|0x0000000703400000, 0x0000000703400000, 0x0000000703600000|  0%| F|  |TAMS 0x0000000703400000| PB 0x0000000703400000| Untracked 
|  22|0x0000000703600000, 0x0000000703600000, 0x0000000703800000|  0%| F|  |TAMS 0x0000000703600000| PB 0x0000000703600000| Untracked 
|  23|0x0000000703800000, 0x0000000703800000, 0x0000000703a00000|  0%| F|  |TAMS 0x0000000703800000| PB 0x0000000703800000| Untracked 
|  24|0x0000000703a00000, 0x0000000703a00000, 0x0000000703c00000|  0%| F|  |TAMS 0x0000000703a00000| PB 0x0000000703a00000| Untracked 
|  25|0x0000000703c00000, 0x0000000703c00000, 0x0000000703e00000|  0%| F|  |TAMS 0x0000000703c00000| PB 0x0000000703c00000| Untracked 
|  26|0x0000000703e00000, 0x0000000703e00000, 0x0000000704000000|  0%| F|  |TAMS 0x0000000703e00000| PB 0x0000000703e00000| Untracked 
|  27|0x0000000704000000, 0x0000000704000000, 0x0000000704200000|  0%| F|  |TAMS 0x0000000704000000| PB 0x0000000704000000| Untracked 
|  28|0x0000000704200000, 0x0000000704200000, 0x0000000704400000|  0%| F|  |TAMS 0x0000000704200000| PB 0x0000000704200000| Untracked 
|  29|0x0000000704400000, 0x0000000704400000, 0x0000000704600000|  0%| F|  |TAMS 0x0000000704400000| PB 0x0000000704400000| Untracked 
|  30|0x0000000704600000, 0x0000000704600000, 0x0000000704800000|  0%| F|  |TAMS 0x0000000704600000| PB 0x0000000704600000| Untracked 
|  31|0x0000000704800000, 0x0000000704800000, 0x0000000704a00000|  0%| F|  |TAMS 0x0000000704800000| PB 0x0000000704800000| Untracked 
|  32|0x0000000704a00000, 0x0000000704a00000, 0x0000000704c00000|  0%| F|  |TAMS 0x0000000704a00000| PB 0x0000000704a00000| Untracked 
|  33|0x0000000704c00000, 0x0000000704c00000, 0x0000000704e00000|  0%| F|  |TAMS 0x0000000704c00000| PB 0x0000000704c00000| Untracked 
|  34|0x0000000704e00000, 0x0000000704e00000, 0x0000000705000000|  0%| F|  |TAMS 0x0000000704e00000| PB 0x0000000704e00000| Untracked 
|  35|0x0000000705000000, 0x0000000705000000, 0x0000000705200000|  0%| F|  |TAMS 0x0000000705000000| PB 0x0000000705000000| Untracked 
|  36|0x0000000705200000, 0x0000000705200000, 0x0000000705400000|  0%| F|  |TAMS 0x0000000705200000| PB 0x0000000705200000| Untracked 
|  37|0x0000000705400000, 0x0000000705400000, 0x0000000705600000|  0%| F|  |TAMS 0x0000000705400000| PB 0x0000000705400000| Untracked 
|  38|0x0000000705600000, 0x0000000705600000, 0x0000000705800000|  0%| F|  |TAMS 0x0000000705600000| PB 0x0000000705600000| Untracked 
|  39|0x0000000705800000, 0x0000000705800000, 0x0000000705a00000|  0%| F|  |TAMS 0x0000000705800000| PB 0x0000000705800000| Untracked 
|  40|0x0000000705a00000, 0x0000000705a00000, 0x0000000705c00000|  0%| F|  |TAMS 0x0000000705a00000| PB 0x0000000705a00000| Untracked 
|  41|0x0000000705c00000, 0x0000000705c00000, 0x0000000705e00000|  0%| F|  |TAMS 0x0000000705c00000| PB 0x0000000705c00000| Untracked 
|  42|0x0000000705e00000, 0x0000000705e00000, 0x0000000706000000|  0%| F|  |TAMS 0x0000000705e00000| PB 0x0000000705e00000| Untracked 
|  43|0x0000000706000000, 0x0000000706000000, 0x0000000706200000|  0%| F|  |TAMS 0x0000000706000000| PB 0x0000000706000000| Untracked 
|  44|0x0000000706200000, 0x0000000706200000, 0x0000000706400000|  0%| F|  |TAMS 0x0000000706200000| PB 0x0000000706200000| Untracked 
|  45|0x0000000706400000, 0x0000000706400000, 0x0000000706600000|  0%| F|  |TAMS 0x0000000706400000| PB 0x0000000706400000| Untracked 
|  46|0x0000000706600000, 0x0000000706600000, 0x0000000706800000|  0%| F|  |TAMS 0x0000000706600000| PB 0x0000000706600000| Untracked 
|  47|0x0000000706800000, 0x0000000706800000, 0x0000000706a00000|  0%| F|  |TAMS 0x0000000706800000| PB 0x0000000706800000| Untracked 
|  48|0x0000000706a00000, 0x0000000706a00000, 0x0000000706c00000|  0%| F|  |TAMS 0x0000000706a00000| PB 0x0000000706a00000| Untracked 
|  49|0x0000000706c00000, 0x0000000706c00000, 0x0000000706e00000|  0%| F|  |TAMS 0x0000000706c00000| PB 0x0000000706c00000| Untracked 
|  50|0x0000000706e00000, 0x0000000706e00000, 0x0000000707000000|  0%| F|  |TAMS 0x0000000706e00000| PB 0x0000000706e00000| Untracked 
|  51|0x0000000707000000, 0x0000000707000000, 0x0000000707200000|  0%| F|  |TAMS 0x0000000707000000| PB 0x0000000707000000| Untracked 
|  52|0x0000000707200000, 0x0000000707200000, 0x0000000707400000|  0%| F|  |TAMS 0x0000000707200000| PB 0x0000000707200000| Untracked 
|  53|0x0000000707400000, 0x0000000707400000, 0x0000000707600000|  0%| F|  |TAMS 0x0000000707400000| PB 0x0000000707400000| Untracked 
|  54|0x0000000707600000, 0x0000000707600000, 0x0000000707800000|  0%| F|  |TAMS 0x0000000707600000| PB 0x0000000707600000| Untracked 
|  55|0x0000000707800000, 0x0000000707800000, 0x0000000707a00000|  0%| F|  |TAMS 0x0000000707800000| PB 0x0000000707800000| Untracked 
|  56|0x0000000707a00000, 0x0000000707a00000, 0x0000000707c00000|  0%| F|  |TAMS 0x0000000707a00000| PB 0x0000000707a00000| Untracked 
|  57|0x0000000707c00000, 0x0000000707c00000, 0x0000000707e00000|  0%| F|  |TAMS 0x0000000707c00000| PB 0x0000000707c00000| Untracked 
|  58|0x0000000707e00000, 0x0000000707e00000, 0x0000000708000000|  0%| F|  |TAMS 0x0000000707e00000| PB 0x0000000707e00000| Untracked 
|  59|0x0000000708000000, 0x0000000708000000, 0x0000000708200000|  0%| F|  |TAMS 0x0000000708000000| PB 0x0000000708000000| Untracked 
|  60|0x0000000708200000, 0x0000000708200000, 0x0000000708400000|  0%| F|  |TAMS 0x0000000708200000| PB 0x0000000708200000| Untracked 
|  61|0x0000000708400000, 0x0000000708400000, 0x0000000708600000|  0%| F|  |TAMS 0x0000000708400000| PB 0x0000000708400000| Untracked 
|  62|0x0000000708600000, 0x0000000708600000, 0x0000000708800000|  0%| F|  |TAMS 0x0000000708600000| PB 0x0000000708600000| Untracked 
|  63|0x0000000708800000, 0x0000000708800000, 0x0000000708a00000|  0%| F|  |TAMS 0x0000000708800000| PB 0x0000000708800000| Untracked 
|  64|0x0000000708a00000, 0x0000000708a00000, 0x0000000708c00000|  0%| F|  |TAMS 0x0000000708a00000| PB 0x0000000708a00000| Untracked 
|  65|0x0000000708c00000, 0x0000000708c00000, 0x0000000708e00000|  0%| F|  |TAMS 0x0000000708c00000| PB 0x0000000708c00000| Untracked 
|  66|0x0000000708e00000, 0x0000000708e00000, 0x0000000709000000|  0%| F|  |TAMS 0x0000000708e00000| PB 0x0000000708e00000| Untracked 
|  67|0x0000000709000000, 0x0000000709000000, 0x0000000709200000|  0%| F|  |TAMS 0x0000000709000000| PB 0x0000000709000000| Untracked 
|  68|0x0000000709200000, 0x0000000709200000, 0x0000000709400000|  0%| F|  |TAMS 0x0000000709200000| PB 0x0000000709200000| Untracked 
|  69|0x0000000709400000, 0x0000000709400000, 0x0000000709600000|  0%| F|  |TAMS 0x0000000709400000| PB 0x0000000709400000| Untracked 
|  70|0x0000000709600000, 0x0000000709600000, 0x0000000709800000|  0%| F|  |TAMS 0x0000000709600000| PB 0x0000000709600000| Untracked 
|  71|0x0000000709800000, 0x0000000709800000, 0x0000000709a00000|  0%| F|  |TAMS 0x0000000709800000| PB 0x0000000709800000| Untracked 
|  72|0x0000000709a00000, 0x0000000709a00000, 0x0000000709c00000|  0%| F|  |TAMS 0x0000000709a00000| PB 0x0000000709a00000| Untracked 
|  73|0x0000000709c00000, 0x0000000709c00000, 0x0000000709e00000|  0%| F|  |TAMS 0x0000000709c00000| PB 0x0000000709c00000| Untracked 
|  74|0x0000000709e00000, 0x0000000709e00000, 0x000000070a000000|  0%| F|  |TAMS 0x0000000709e00000| PB 0x0000000709e00000| Untracked 
|  75|0x000000070a000000, 0x000000070a000000, 0x000000070a200000|  0%| F|  |TAMS 0x000000070a000000| PB 0x000000070a000000| Untracked 
|  76|0x000000070a200000, 0x000000070a200000, 0x000000070a400000|  0%| F|  |TAMS 0x000000070a200000| PB 0x000000070a200000| Untracked 
|  77|0x000000070a400000, 0x000000070a400000, 0x000000070a600000|  0%| F|  |TAMS 0x000000070a400000| PB 0x000000070a400000| Untracked 
|  78|0x000000070a600000, 0x000000070a600000, 0x000000070a800000|  0%| F|  |TAMS 0x000000070a600000| PB 0x000000070a600000| Untracked 
|  79|0x000000070a800000, 0x000000070a800000, 0x000000070aa00000|  0%| F|  |TAMS 0x000000070a800000| PB 0x000000070a800000| Untracked 
|  80|0x000000070aa00000, 0x000000070aa00000, 0x000000070ac00000|  0%| F|  |TAMS 0x000000070aa00000| PB 0x000000070aa00000| Untracked 
|  81|0x000000070ac00000, 0x000000070ac00000, 0x000000070ae00000|  0%| F|  |TAMS 0x000000070ac00000| PB 0x000000070ac00000| Untracked 
|  82|0x000000070ae00000, 0x000000070ae00000, 0x000000070b000000|  0%| F|  |TAMS 0x000000070ae00000| PB 0x000000070ae00000| Untracked 
|  83|0x000000070b000000, 0x000000070b000000, 0x000000070b200000|  0%| F|  |TAMS 0x000000070b000000| PB 0x000000070b000000| Untracked 
|  84|0x000000070b200000, 0x000000070b200000, 0x000000070b400000|  0%| F|  |TAMS 0x000000070b200000| PB 0x000000070b200000| Untracked 
|  85|0x000000070b400000, 0x000000070b400000, 0x000000070b600000|  0%| F|  |TAMS 0x000000070b400000| PB 0x000000070b400000| Untracked 
|  86|0x000000070b600000, 0x000000070b600000, 0x000000070b800000|  0%| F|  |TAMS 0x000000070b600000| PB 0x000000070b600000| Untracked 
|  87|0x000000070b800000, 0x000000070b800000, 0x000000070ba00000|  0%| F|  |TAMS 0x000000070b800000| PB 0x000000070b800000| Untracked 
|  88|0x000000070ba00000, 0x000000070ba00000, 0x000000070bc00000|  0%| F|  |TAMS 0x000000070ba00000| PB 0x000000070ba00000| Untracked 
|  89|0x000000070bc00000, 0x000000070bc00000, 0x000000070be00000|  0%| F|  |TAMS 0x000000070bc00000| PB 0x000000070bc00000| Untracked 
|  90|0x000000070be00000, 0x000000070be00000, 0x000000070c000000|  0%| F|  |TAMS 0x000000070be00000| PB 0x000000070be00000| Untracked 
|  91|0x000000070c000000, 0x000000070c000000, 0x000000070c200000|  0%| F|  |TAMS 0x000000070c000000| PB 0x000000070c000000| Untracked 
|  92|0x000000070c200000, 0x000000070c200000, 0x000000070c400000|  0%| F|  |TAMS 0x000000070c200000| PB 0x000000070c200000| Untracked 
|  93|0x000000070c400000, 0x000000070c400000, 0x000000070c600000|  0%| F|  |TAMS 0x000000070c400000| PB 0x000000070c400000| Untracked 
|  94|0x000000070c600000, 0x000000070c600000, 0x000000070c800000|  0%| F|  |TAMS 0x000000070c600000| PB 0x000000070c600000| Untracked 
|  95|0x000000070c800000, 0x000000070c800000, 0x000000070ca00000|  0%| F|  |TAMS 0x000000070c800000| PB 0x000000070c800000| Untracked 
|  96|0x000000070ca00000, 0x000000070ca00000, 0x000000070cc00000|  0%| F|  |TAMS 0x000000070ca00000| PB 0x000000070ca00000| Untracked 
|  97|0x000000070cc00000, 0x000000070cc00000, 0x000000070ce00000|  0%| F|  |TAMS 0x000000070cc00000| PB 0x000000070cc00000| Untracked 
|  98|0x000000070ce00000, 0x000000070ce00000, 0x000000070d000000|  0%| F|  |TAMS 0x000000070ce00000| PB 0x000000070ce00000| Untracked 
|  99|0x000000070d000000, 0x000000070d000000, 0x000000070d200000|  0%| F|  |TAMS 0x000000070d000000| PB 0x000000070d000000| Untracked 
| 100|0x000000070d200000, 0x000000070d200000, 0x000000070d400000|  0%| F|  |TAMS 0x000000070d200000| PB 0x000000070d200000| Untracked 
| 101|0x000000070d400000, 0x000000070d400000, 0x000000070d600000|  0%| F|  |TAMS 0x000000070d400000| PB 0x000000070d400000| Untracked 
| 102|0x000000070d600000, 0x000000070d600000, 0x000000070d800000|  0%| F|  |TAMS 0x000000070d600000| PB 0x000000070d600000| Untracked 
| 103|0x000000070d800000, 0x000000070d800000, 0x000000070da00000|  0%| F|  |TAMS 0x000000070d800000| PB 0x000000070d800000| Untracked 
| 104|0x000000070da00000, 0x000000070da00000, 0x000000070dc00000|  0%| F|  |TAMS 0x000000070da00000| PB 0x000000070da00000| Untracked 
| 105|0x000000070dc00000, 0x000000070dc00000, 0x000000070de00000|  0%| F|  |TAMS 0x000000070dc00000| PB 0x000000070dc00000| Untracked 
| 106|0x000000070de00000, 0x000000070de00000, 0x000000070e000000|  0%| F|  |TAMS 0x000000070de00000| PB 0x000000070de00000| Untracked 
| 107|0x000000070e000000, 0x000000070e000000, 0x000000070e200000|  0%| F|  |TAMS 0x000000070e000000| PB 0x000000070e000000| Untracked 
| 108|0x000000070e200000, 0x000000070e200000, 0x000000070e400000|  0%| F|  |TAMS 0x000000070e200000| PB 0x000000070e200000| Untracked 
| 109|0x000000070e400000, 0x000000070e400000, 0x000000070e600000|  0%| F|  |TAMS 0x000000070e400000| PB 0x000000070e400000| Untracked 
| 110|0x000000070e600000, 0x000000070e600000, 0x000000070e800000|  0%| F|  |TAMS 0x000000070e600000| PB 0x000000070e600000| Untracked 
| 111|0x000000070e800000, 0x000000070e800000, 0x000000070ea00000|  0%| F|  |TAMS 0x000000070e800000| PB 0x000000070e800000| Untracked 
| 112|0x000000070ea00000, 0x000000070ea00000, 0x000000070ec00000|  0%| F|  |TAMS 0x000000070ea00000| PB 0x000000070ea00000| Untracked 
| 113|0x000000070ec00000, 0x000000070ece82c0, 0x000000070ee00000| 45%| S|CS|TAMS 0x000000070ec00000| PB 0x000000070ec00000| Complete 
| 114|0x000000070ee00000, 0x000000070f000000, 0x000000070f000000|100%| S|CS|TAMS 0x000000070ee00000| PB 0x000000070ee00000| Complete 
| 115|0x000000070f000000, 0x000000070f000000, 0x000000070f200000|  0%| F|  |TAMS 0x000000070f000000| PB 0x000000070f000000| Untracked 
| 116|0x000000070f200000, 0x000000070f200000, 0x000000070f400000|  0%| F|  |TAMS 0x000000070f200000| PB 0x000000070f200000| Untracked 
| 117|0x000000070f400000, 0x000000070f55be00, 0x000000070f600000| 67%| E|  |TAMS 0x000000070f400000| PB 0x000000070f400000| Complete 
| 118|0x000000070f600000, 0x000000070f800000, 0x000000070f800000|100%| E|CS|TAMS 0x000000070f600000| PB 0x000000070f600000| Complete 
| 119|0x000000070f800000, 0x000000070fa00000, 0x000000070fa00000|100%| E|CS|TAMS 0x000000070f800000| PB 0x000000070f800000| Complete 
| 120|0x000000070fa00000, 0x000000070fc00000, 0x000000070fc00000|100%| E|CS|TAMS 0x000000070fa00000| PB 0x000000070fa00000| Complete 
| 121|0x000000070fc00000, 0x000000070fe00000, 0x000000070fe00000|100%| E|CS|TAMS 0x000000070fc00000| PB 0x000000070fc00000| Complete 
| 122|0x000000070fe00000, 0x0000000710000000, 0x0000000710000000|100%| E|CS|TAMS 0x000000070fe00000| PB 0x000000070fe00000| Complete 
| 123|0x0000000710000000, 0x0000000710200000, 0x0000000710200000|100%| E|CS|TAMS 0x0000000710000000| PB 0x0000000710000000| Complete 
| 124|0x0000000710200000, 0x0000000710400000, 0x0000000710400000|100%| E|CS|TAMS 0x0000000710200000| PB 0x0000000710200000| Complete 
| 125|0x0000000710400000, 0x0000000710600000, 0x0000000710600000|100%| E|CS|TAMS 0x0000000710400000| PB 0x0000000710400000| Complete 
| 126|0x0000000710600000, 0x0000000710800000, 0x0000000710800000|100%| E|  |TAMS 0x0000000710600000| PB 0x0000000710600000| Complete 
| 127|0x0000000710800000, 0x0000000710a00000, 0x0000000710a00000|100%| E|CS|TAMS 0x0000000710800000| PB 0x0000000710800000| Complete 

Card table byte_map: [0x000001633f1d0000,0x000001633f9d0000] _byte_map_base: 0x000001633b9cb000

Marking Bits: (CMBitMap*) 0x00000163275df420
 Bits: [0x000001633f9d0000, 0x00000163439a8000)

Polling page: 0x0000016326d40000

Metaspace:

Usage:
  Non-class:     15.26 MB used.
      Class:      2.19 MB used.
       Both:     17.46 MB used.

Virtual space:
  Non-class space:       64.00 MB reserved,      15.44 MB ( 24%) committed,  1 nodes.
      Class space:        1.00 GB reserved,       2.31 MB ( <1%) committed,  1 nodes.
             Both:        1.06 GB reserved,      17.75 MB (  2%) committed. 

Chunk freelists:
   Non-Class:  176.00 KB
       Class:  13.48 MB
        Both:  13.66 MB

MaxMetaspaceSize: unlimited
CompressedClassSpaceSize: 1.00 GB
Initial GC threshold: 21.00 MB
Current GC threshold: 21.00 MB
CDS: on
 - commit_granule_bytes: 65536.
 - commit_granule_words: 8192.
 - virtual_space_node_default_size: 8388608.
 - enlarge_chunks_in_place: 1.
 - use_allocation_guard: 0.


Internal statistics:

num_allocs_failed_limit: 0.
num_arena_births: 288.
num_arena_deaths: 0.
num_vsnodes_births: 2.
num_vsnodes_deaths: 0.
num_space_committed: 284.
num_space_uncommitted: 0.
num_chunks_returned_to_freelist: 0.
num_chunks_taken_from_freelist: 861.
num_chunk_merges: 0.
num_chunk_splits: 567.
num_chunks_enlarged: 408.
num_inconsistent_stats: 0.

CodeHeap 'non-profiled nmethods': size=120000Kb used=858Kb max_used=858Kb free=119141Kb
 bounds [0x00000163374a0000, 0x0000016337710000, 0x000001633e9d0000]
CodeHeap 'profiled nmethods': size=120000Kb used=4243Kb max_used=4243Kb free=115756Kb
 bounds [0x000001632f9d0000, 0x000001632fe00000, 0x0000016336f00000]
CodeHeap 'non-nmethods': size=5760Kb used=1435Kb max_used=1452Kb free=4324Kb
 bounds [0x0000016336f00000, 0x0000016337170000, 0x00000163374a0000]
 total_blobs=2774 nmethods=2252 adapters=426
 compilation: enabled
              stopped_count=0, restarted_count=0
 full_count=0

Compilation events (20 events):
Event: 1.787 Thread 0x0000016345e9c4b0 nmethod 2244 0x0000016337574690 code [0x0000016337574840, 0x0000016337574a78]
Event: 1.787 Thread 0x0000016345e9c4b0 2245   !   4       java.util.zip.ZipFile::getEntry (59 bytes)
Event: 1.796 Thread 0x0000016345e9c4b0 nmethod 2245 0x0000016337574c90 code [0x0000016337574ee0, 0x0000016337575990]
Event: 1.802 Thread 0x0000016345ea0680 2246       1       java.util.logging.LogManager$LoggerContext::getOwner (5 bytes)
Event: 1.802 Thread 0x0000016345ea0680 nmethod 2246 0x0000016337576290 code [0x0000016337576420, 0x00000163375764f0]
Event: 1.803 Thread 0x0000016345ea0680 2247       3       java.util.HashMap::putMapEntries (170 bytes)
Event: 1.804 Thread 0x0000016345ea0680 nmethod 2247 0x000001632fdf1490 code [0x000001632fdf1780, 0x000001632fdf2680]
Event: 1.804 Thread 0x0000016345ea0680 2248   !   3       jdk.internal.loader.BuiltinClassLoader$2::run (114 bytes)
Event: 1.805 Thread 0x0000016345ea0680 nmethod 2248 0x000001632fdf2b10 code [0x000001632fdf2dc0, 0x000001632fdf3c68]
Event: 1.810 Thread 0x0000016345e9c4b0 2249 %     4       java.util.Properties$LineReader::readLine @ 53 (584 bytes)
Event: 1.812 Thread 0x0000016345ea0680 2250  s    3       java.util.Properties::put (10 bytes)
Event: 1.812 Thread 0x0000016345ea0680 nmethod 2250 0x000001632fdf4190 code [0x000001632fdf4340, 0x000001632fdf45c0]
Event: 1.819 Thread 0x0000016345ea0680 2251       1       java.util.concurrent.ConcurrentHashMap$MapEntry::getKey (5 bytes)
Event: 1.819 Thread 0x0000016345ea0680 nmethod 2251 0x0000016337576590 code [0x0000016337576720, 0x00000163375767f0]
Event: 1.819 Thread 0x0000016345ea0680 2252       1       java.util.concurrent.ConcurrentHashMap$MapEntry::getValue (5 bytes)
Event: 1.819 Thread 0x0000016345ea0680 nmethod 2252 0x0000016337576890 code [0x0000016337576a20, 0x0000016337576af0]
Event: 1.821 Thread 0x0000016345ea0680 2253       3       java.util.concurrent.ConcurrentHashMap$EntryIterator::next (5 bytes)
Event: 1.821 Thread 0x0000016345ea0680 nmethod 2253 0x000001632fdf4710 code [0x000001632fdf48c0, 0x000001632fdf4a00]
Event: 1.822 Thread 0x0000016345ea0680 2254       3       java.util.concurrent.ConcurrentHashMap$MapEntry::<init> (20 bytes)
Event: 1.822 Thread 0x0000016345ea0680 nmethod 2254 0x000001632fdf4a90 code [0x000001632fdf4c40, 0x000001632fdf4ed8]

GC Heap History (6 events):
Event: 0.522 GC heap before
{Heap before GC invocations=0 (full 0):
 garbage-first heap   total 262144K, used 12288K [0x0000000700a00000, 0x0000000800000000)
  region size 2048K, 6 young (12288K), 0 survivors (0K)
 Metaspace       used 3922K, committed 4160K, reserved 1114112K
  class space    used 451K, committed 576K, reserved 1048576K
}
Event: 0.525 GC heap after
{Heap after GC invocations=1 (full 0):
 garbage-first heap   total 262144K, used 3901K [0x0000000700a00000, 0x0000000800000000)
  region size 2048K, 1 young (2048K), 1 survivors (2048K)
 Metaspace       used 3922K, committed 4160K, reserved 1114112K
  class space    used 451K, committed 576K, reserved 1048576K
}
Event: 0.940 GC heap before
{Heap before GC invocations=1 (full 0):
 garbage-first heap   total 262144K, used 12093K [0x0000000700a00000, 0x0000000800000000)
  region size 2048K, 6 young (12288K), 1 survivors (2048K)
 Metaspace       used 6711K, committed 6912K, reserved 1114112K
  class space    used 864K, committed 960K, reserved 1048576K
}
Event: 0.943 GC heap after
{Heap after GC invocations=2 (full 0):
 garbage-first heap   total 262144K, used 5133K [0x0000000700a00000, 0x0000000800000000)
  region size 2048K, 1 young (2048K), 1 survivors (2048K)
 Metaspace       used 6711K, committed 6912K, reserved 1114112K
  class space    used 864K, committed 960K, reserved 1048576K
}
Event: 1.462 GC heap before
{Heap before GC invocations=2 (full 0):
 garbage-first heap   total 262144K, used 27661K [0x0000000700a00000, 0x0000000800000000)
  region size 2048K, 13 young (26624K), 1 survivors (2048K)
 Metaspace       used 12731K, committed 12992K, reserved 1114112K
  class space    used 1596K, committed 1728K, reserved 1048576K
}
Event: 1.465 GC heap after
{Heap after GC invocations=3 (full 0):
 garbage-first heap   total 262144K, used 6971K [0x0000000700a00000, 0x0000000800000000)
  region size 2048K, 2 young (4096K), 2 survivors (4096K)
 Metaspace       used 12731K, committed 12992K, reserved 1114112K
  class space    used 1596K, committed 1728K, reserved 1048576K
}

Dll operation events (8 events):
Event: 0.021 Loaded shared library C:\Program Files\Java\jdk-21\bin\java.dll
Event: 0.062 Loaded shared library C:\Program Files\Java\jdk-21\bin\jsvml.dll
Event: 0.148 Loaded shared library C:\Program Files\Java\jdk-21\bin\net.dll
Event: 0.152 Loaded shared library C:\Program Files\Java\jdk-21\bin\nio.dll
Event: 0.156 Loaded shared library C:\Program Files\Java\jdk-21\bin\zip.dll
Event: 0.255 Loaded shared library C:\Program Files\Java\jdk-21\bin\jimage.dll
Event: 0.836 Loaded shared library C:\Program Files\Java\jdk-21\bin\management.dll
Event: 0.878 Loaded shared library C:\Program Files\Java\jdk-21\bin\management_ext.dll

Deoptimization events (20 events):
Event: 1.675 Thread 0x000001638be9b4e0 Uncommon trap: trap_request=0xffffff45 fr.pc=0x000001633750c504 relative=0x0000000000000064
Event: 1.675 Thread 0x000001638be9b4e0 Uncommon trap: reason=unstable_if action=reinterpret pc=0x000001633750c504 method=java.net.URI.match(CJJ)Z @ 19 c2
Event: 1.676 Thread 0x000001638be9b4e0 DEOPT PACKING pc=0x000001633750c504 sp=0x0000002b75cfdc80
Event: 1.676 Thread 0x000001638be9b4e0 DEOPT UNPACKING pc=0x0000016336f546a2 sp=0x0000002b75cfdbe8 mode 2
Event: 1.682 Thread 0x000001638be9b4e0 Uncommon trap: trap_request=0xffffff45 fr.pc=0x00000163374b4474 relative=0x0000000000000054
Event: 1.682 Thread 0x000001638be9b4e0 Uncommon trap: reason=unstable_if action=reinterpret pc=0x00000163374b4474 method=sun.nio.fs.WindowsPathParser.isSlash(C)Z @ 9 c2
Event: 1.682 Thread 0x000001638be9b4e0 DEOPT PACKING pc=0x00000163374b4474 sp=0x0000002b75cfdf40
Event: 1.682 Thread 0x000001638be9b4e0 DEOPT UNPACKING pc=0x0000016336f546a2 sp=0x0000002b75cfdec8 mode 2
Event: 1.733 Thread 0x000001638be9b4e0 Uncommon trap: trap_request=0xffffff45 fr.pc=0x000001633753ea58 relative=0x0000000000000138
Event: 1.733 Thread 0x000001638be9b4e0 Uncommon trap: reason=unstable_if action=reinterpret pc=0x000001633753ea58 method=java.util.Arrays.equals([Ljava/lang/Object;[Ljava/lang/Object;)Z @ 44 c2
Event: 1.733 Thread 0x000001638be9b4e0 DEOPT PACKING pc=0x000001633753ea58 sp=0x0000002b75cfd590
Event: 1.733 Thread 0x000001638be9b4e0 DEOPT UNPACKING pc=0x0000016336f546a2 sp=0x0000002b75cfd530 mode 2
Event: 1.752 Thread 0x000001638c0629f0 Uncommon trap: trap_request=0xffffff45 fr.pc=0x000001633756db58 relative=0x0000000000000bd8
Event: 1.752 Thread 0x000001638c0629f0 Uncommon trap: reason=unstable_if action=reinterpret pc=0x000001633756db58 method=java.util.regex.Pattern$BmpCharPropertyGreedy.match(Ljava/util/regex/Matcher;ILjava/lang/CharSequence;)Z @ 12 c2
Event: 1.752 Thread 0x000001638c0629f0 DEOPT PACKING pc=0x000001633756db58 sp=0x0000002b75dfdde0
Event: 1.752 Thread 0x000001638c0629f0 DEOPT UNPACKING pc=0x0000016336f546a2 sp=0x0000002b75dfdca8 mode 2
Event: 1.778 Thread 0x000001638c0629f0 Uncommon trap: trap_request=0xffffff45 fr.pc=0x0000016337562c04 relative=0x00000000000002c4
Event: 1.778 Thread 0x000001638c0629f0 Uncommon trap: reason=unstable_if action=reinterpret pc=0x0000016337562c04 method=java.util.LinkedHashMap.get(Ljava/lang/Object;)Ljava/lang/Object; @ 16 c2
Event: 1.778 Thread 0x000001638c0629f0 DEOPT PACKING pc=0x0000016337562c04 sp=0x0000002b75dfe440
Event: 1.778 Thread 0x000001638c0629f0 DEOPT UNPACKING pc=0x0000016336f546a2 sp=0x0000002b75dfe3e8 mode 2

Classes loaded (20 events):
Event: 1.773 Loading class java/util/ResourceBundle$CacheKey
Event: 1.773 Loading class java/util/ResourceBundle$CacheKey done
Event: 1.773 Loading class java/util/ResourceBundle$KeyElementReference
Event: 1.773 Loading class java/util/ResourceBundle$CacheKeyReference
Event: 1.773 Loading class java/util/ResourceBundle$CacheKeyReference done
Event: 1.773 Loading class java/util/ResourceBundle$KeyElementReference done
Event: 1.774 Loading class java/util/ResourceBundle$Control$2
Event: 1.774 Loading class java/util/ResourceBundle$Control$2 done
Event: 1.775 Loading class java/util/PropertyResourceBundle
Event: 1.775 Loading class java/util/PropertyResourceBundle done
Event: 1.775 Loading class sun/util/PropertyResourceBundleCharset
Event: 1.775 Loading class sun/util/PropertyResourceBundleCharset done
Event: 1.775 Loading class sun/util/PropertyResourceBundleCharset$PropertiesFileDecoder
Event: 1.775 Loading class sun/util/PropertyResourceBundleCharset$PropertiesFileDecoder done
Event: 1.776 Loading class java/util/ResourceBundle$BundleReference
Event: 1.776 Loading class java/util/ResourceBundle$BundleReference done
Event: 1.782 Loading class javax/management/MBeanRegistration
Event: 1.783 Loading class javax/management/MBeanRegistration done
Event: 1.785 Loading class javax/security/auth/login/LoginException
Event: 1.786 Loading class javax/security/auth/login/LoginException done

Classes unloaded (0 events):
No events

Classes redefined (0 events):
No events

Internal exceptions (20 events):
Event: 1.316 Thread 0x000001638be9b4e0 Exception <a 'java/lang/NoSuchMethodError'{0x000000070fb7ab18}: 'void java.lang.invoke.DirectMethodHandle$Holder.invokeStaticInit(java.lang.Object, java.lang.Object, java.lang.Object)'> (0x000000070fb7ab18) 
thrown [s\open\src\hotspot\share\interpreter\linkResolver.cpp, line 773]
Event: 1.320 Thread 0x000001638be9b4e0 Exception <a 'java/lang/NoSuchMethodError'{0x000000070fb98170}: 'java.lang.Object java.lang.invoke.DirectMethodHandle$Holder.invokeVirtual(java.lang.Object, java.lang.Object, java.lang.Object)'> (0x000000070fb98170) 
thrown [s\open\src\hotspot\share\interpreter\linkResolver.cpp, line 773]
Event: 1.324 Thread 0x000001638be9b4e0 Exception <a 'java/lang/NoSuchMethodError'{0x000000070fbb8fe8}: 'java.lang.Object java.lang.invoke.DirectMethodHandle$Holder.invokeStatic(java.lang.Object, long, java.lang.Object)'> (0x000000070fbb8fe8) 
thrown [s\open\src\hotspot\share\interpreter\linkResolver.cpp, line 773]
Event: 1.324 Thread 0x000001638be9b4e0 Exception <a 'java/lang/NoSuchMethodError'{0x000000070fbbc640}: 'java.lang.Object java.lang.invoke.DirectMethodHandle$Holder.invokeStaticInit(java.lang.Object, long, java.lang.Object)'> (0x000000070fbbc640) 
thrown [s\open\src\hotspot\share\interpreter\linkResolver.cpp, line 773]
Event: 1.325 Thread 0x000001638be9b4e0 Exception <a 'java/lang/NoSuchMethodError'{0x000000070fbc1de8}: 'java.lang.Object java.lang.invoke.DirectMethodHandle$Holder.newInvokeSpecial(java.lang.Object, long)'> (0x000000070fbc1de8) 
thrown [s\open\src\hotspot\share\interpreter\linkResolver.cpp, line 773]
Event: 1.341 Thread 0x000001638be9b4e0 Exception <a 'java/lang/NoSuchMethodError'{0x000000070f823cd0}: 'void java.lang.invoke.DirectMethodHandle$Holder.invokeSpecial(java.lang.Object, java.lang.Object, java.lang.Object, java.lang.Object, java.lang.Object, java.lang.Object)'> (0x000000070f823cd0) 
thrown [s\open\src\hotspot\share\interpreter\linkResolver.cpp, line 773]
Event: 1.341 Thread 0x000001638be9b4e0 Exception <a 'java/lang/NoSuchMethodError'{0x000000070f82b538}: 'java.lang.Object java.lang.invoke.DirectMethodHandle$Holder.newInvokeSpecial(java.lang.Object, java.lang.Object, java.lang.Object, java.lang.Object, java.lang.Object, java.lang.Object)'> (0x000000070f82b538) 
thrown [s\open\src\hotspot\share\interpreter\linkResolver.cpp, line 773]
Event: 1.364 Thread 0x000001638be9b4e0 Exception <a 'java/lang/IncompatibleClassChangeError'{0x000000070f8eead8}: Found class java.lang.Object, but interface was expected> (0x000000070f8eead8) 
thrown [s\open\src\hotspot\share\interpreter\linkResolver.cpp, line 840]
Event: 1.364 Thread 0x000001638c0629f0 Exception <a 'java/lang/NoClassDefFoundError'{0x000000070f9149c8}: jakarta/validation/Validation> (0x000000070f9149c8) 
thrown [s\open\src\hotspot\share\classfile\systemDictionary.cpp, line 301]
Event: 1.369 Thread 0x000001638be9b4e0 Exception <a 'java/lang/NoSuchMethodError'{0x000000070f9644e0}: 'java.lang.Object java.lang.invoke.DirectMethodHandle$Holder.invokeStaticInit(java.lang.Object, int)'> (0x000000070f9644e0) 
thrown [s\open\src\hotspot\share\interpreter\linkResolver.cpp, line 773]
Event: 1.370 Thread 0x000001638be9b4e0 Exception <a 'java/lang/NoSuchMethodError'{0x000000070f96e508}: 'java.lang.Object java.lang.invoke.DirectMethodHandle$Holder.invokeStatic(java.lang.Object, int, java.lang.Object)'> (0x000000070f96e508) 
thrown [s\open\src\hotspot\share\interpreter\linkResolver.cpp, line 773]
Event: 1.370 Thread 0x000001638be9b4e0 Exception <a 'java/lang/NoSuchMethodError'{0x000000070f971b58}: 'java.lang.Object java.lang.invoke.DirectMethodHandle$Holder.invokeStaticInit(java.lang.Object, int, java.lang.Object)'> (0x000000070f971b58) 
thrown [s\open\src\hotspot\share\interpreter\linkResolver.cpp, line 773]
Event: 1.684 Thread 0x000001638be9b4e0 Exception <a 'java/lang/NoSuchMethodError'{0x000000070fbb7c70}: 'int java.lang.invoke.DirectMethodHandle$Holder.invokeSpecial(java.lang.Object, java.lang.Object, java.lang.Object, java.lang.Object, java.lang.Object)'> (0x000000070fbb7c70) 
thrown [s\open\src\hotspot\share\interpreter\linkResolver.cpp, line 773]
Event: 1.687 Thread 0x000001638be9b4e0 Exception <a 'java/lang/NoSuchMethodError'{0x000000070fbc0248}: 'void java.lang.invoke.DirectMethodHandle$Holder.invokeVirtual(java.lang.Object, java.lang.Object)'> (0x000000070fbc0248) 
thrown [s\open\src\hotspot\share\interpreter\linkResolver.cpp, line 773]
Event: 1.723 Thread 0x000001638c0629f0 Exception <a 'java/lang/NoSuchMethodError'{0x000000070f684400}: 'long java.lang.invoke.DirectMethodHandle$Holder.invokeSpecial(java.lang.Object, java.lang.Object)'> (0x000000070f684400) 
thrown [s\open\src\hotspot\share\interpreter\linkResolver.cpp, line 773]
Event: 1.729 Thread 0x000001638c0629f0 Exception <a 'java/lang/NoSuchMethodError'{0x000000070f68dce0}: 'long java.lang.invoke.DirectMethodHandle$Holder.invokeStatic(java.lang.Object, java.lang.Object)'> (0x000000070f68dce0) 
thrown [s\open\src\hotspot\share\interpreter\linkResolver.cpp, line 773]
Event: 1.729 Thread 0x000001638c0629f0 Exception <a 'java/lang/NoSuchMethodError'{0x000000070f690d98}: 'long java.lang.invoke.DirectMethodHandle$Holder.invokeStaticInit(java.lang.Object, java.lang.Object)'> (0x000000070f690d98) 
thrown [s\open\src\hotspot\share\interpreter\linkResolver.cpp, line 773]
Event: 1.736 Thread 0x000001638c0629f0 Exception <a 'java/lang/NoSuchMethodError'{0x000000070f69cc30}: 'long java.lang.invoke.DirectMethodHandle$Holder.invokeInterface(java.lang.Object, java.lang.Object)'> (0x000000070f69cc30) 
thrown [s\open\src\hotspot\share\interpreter\linkResolver.cpp, line 773]
Event: 1.736 Thread 0x000001638c0629f0 Exception <a 'java/lang/IncompatibleClassChangeError'{0x000000070f69fc30}: Found class java.lang.Object, but interface was expected> (0x000000070f69fc30) 
thrown [s\open\src\hotspot\share\interpreter\linkResolver.cpp, line 840]
Event: 1.740 Thread 0x000001638c0629f0 Exception <a 'java/lang/NoSuchMethodError'{0x000000070f73f700}: 'java.lang.Object java.lang.invoke.DirectMethodHandle$Holder.invokeVirtual(java.lang.Object, java.lang.Object, java.lang.Object, java.lang.Object)'> (0x000000070f73f700) 
thrown [s\open\src\hotspot\share\interpreter\linkResolver.cpp, line 773]

ZGC Phase Switch (0 events):
No events

VM Operations (20 events):
Event: 0.602 Executing VM operation: HandshakeAllThreads (Deoptimize)
Event: 0.602 Executing VM operation: HandshakeAllThreads (Deoptimize) done
Event: 0.607 Executing VM operation: HandshakeAllThreads (Deoptimize)
Event: 0.607 Executing VM operation: HandshakeAllThreads (Deoptimize) done
Event: 0.728 Executing VM operation: HandshakeAllThreads (Deoptimize)
Event: 0.728 Executing VM operation: HandshakeAllThreads (Deoptimize) done
Event: 0.728 Executing VM operation: HandshakeAllThreads (Deoptimize)
Event: 0.728 Executing VM operation: HandshakeAllThreads (Deoptimize) done
Event: 0.940 Executing VM operation: G1CollectForAllocation (G1 Evacuation Pause)
Event: 0.943 Executing VM operation: G1CollectForAllocation (G1 Evacuation Pause) done
Event: 1.050 Executing VM operation: HandshakeAllThreads (Deoptimize)
Event: 1.050 Executing VM operation: HandshakeAllThreads (Deoptimize) done
Event: 1.250 Executing VM operation: HandshakeAllThreads (Deoptimize)
Event: 1.250 Executing VM operation: HandshakeAllThreads (Deoptimize) done
Event: 1.340 Executing VM operation: ICBufferFull
Event: 1.340 Executing VM operation: ICBufferFull done
Event: 1.462 Executing VM operation: G1CollectForAllocation (G1 Evacuation Pause)
Event: 1.465 Executing VM operation: G1CollectForAllocation (G1 Evacuation Pause) done
Event: 1.654 Executing VM operation: HandshakeAllThreads (Deoptimize)
Event: 1.654 Executing VM operation: HandshakeAllThreads (Deoptimize) done

Events (17 events):
Event: 0.037 Thread 0x00000163253abd30 Thread added: 0x00000163253abd30
Event: 0.060 Thread 0x0000016345e8b010 Thread added: 0x0000016345e8b010
Event: 0.060 Thread 0x0000016345e8bf30 Thread added: 0x0000016345e8bf30
Event: 0.060 Thread 0x0000016345e92580 Thread added: 0x0000016345e92580
Event: 0.060 Thread 0x0000016345e93260 Thread added: 0x0000016345e93260
Event: 0.060 Thread 0x0000016345e94460 Thread added: 0x0000016345e94460
Event: 0.060 Thread 0x0000016345e98b60 Thread added: 0x0000016345e98b60
Event: 0.061 Thread 0x0000016345e9c4b0 Thread added: 0x0000016345e9c4b0
Event: 0.061 Thread 0x0000016345ea0680 Thread added: 0x0000016345ea0680
Event: 0.138 Thread 0x000001638b14f0b0 Thread added: 0x000001638b14f0b0
Event: 0.142 Thread 0x000001638b154b50 Thread added: 0x000001638b154b50
Event: 0.307 Thread 0x000001638b4c4f50 Thread added: 0x000001638b4c4f50
Event: 0.879 Thread 0x000001638b4c4f50 Thread exited: 0x000001638b4c4f50
Event: 0.961 Thread 0x000001638b4c4f50 Thread added: 0x000001638b4c4f50
Event: 0.968 Thread 0x000001638be9b4e0 Thread added: 0x000001638be9b4e0
Event: 1.361 Thread 0x000001638c0629f0 Thread added: 0x000001638c0629f0
Event: 1.451 Thread 0x000001638c049e80 Thread added: 0x000001638c049e80


Dynamic libraries:
0x00007ff678670000 - 0x00007ff678680000 	C:\Program Files\Java\jdk-21\bin\java.exe
0x00007ff8b4d10000 - 0x00007ff8b4f08000 	C:\WINDOWS\SYSTEM32\ntdll.dll
0x00007ff8b3c40000 - 0x00007ff8b3d01000 	C:\WINDOWS\System32\KERNEL32.DLL
0x00007ff8b23c0000 - 0x00007ff8b26bd000 	C:\WINDOWS\System32\KERNELBASE.dll
0x00007ff8b27c0000 - 0x00007ff8b28c0000 	C:\WINDOWS\System32\ucrtbase.dll
0x00007ff8aa240000 - 0x00007ff8aa259000 	C:\Program Files\Java\jdk-21\bin\jli.dll
0x00007ff8b3eb0000 - 0x00007ff8b3f60000 	C:\WINDOWS\System32\ADVAPI32.dll
0x00007ff8aa100000 - 0x00007ff8aa11b000 	C:\Program Files\Java\jdk-21\bin\VCRUNTIME140.dll
0x00007ff8b3570000 - 0x00007ff8b360e000 	C:\WINDOWS\System32\msvcrt.dll
0x00007ff8b3680000 - 0x00007ff8b3720000 	C:\WINDOWS\System32\sechost.dll
0x00007ff8b47c0000 - 0x00007ff8b48e3000 	C:\WINDOWS\System32\RPCRT4.dll
0x00007ff8b2d10000 - 0x00007ff8b2d37000 	C:\WINDOWS\System32\bcrypt.dll
0x00007ff8b4370000 - 0x00007ff8b450d000 	C:\WINDOWS\System32\USER32.dll
0x00007ff8b28c0000 - 0x00007ff8b28e2000 	C:\WINDOWS\System32\win32u.dll
0x00007ff8b42c0000 - 0x00007ff8b42eb000 	C:\WINDOWS\System32\GDI32.dll
0x00007ff8b2990000 - 0x00007ff8b2aa7000 	C:\WINDOWS\System32\gdi32full.dll
0x00007ff8b28f0000 - 0x00007ff8b298d000 	C:\WINDOWS\System32\msvcp_win.dll
0x00007ff89c320000 - 0x00007ff89c5ba000 	C:\WINDOWS\WinSxS\amd64_microsoft.windows.common-controls_6595b64144ccf1df_6.0.19041.4355_none_60b8b9eb71f62e16\COMCTL32.dll
0x00007ff8ac5c0000 - 0x00007ff8ac5ca000 	C:\WINDOWS\SYSTEM32\VERSION.dll
0x00007ff8b2dd0000 - 0x00007ff8b2dff000 	C:\WINDOWS\System32\IMM32.DLL
0x00007ff8adb80000 - 0x00007ff8adb8c000 	C:\Program Files\Java\jdk-21\bin\vcruntime140_1.dll
0x00007ff89a090000 - 0x00007ff89a11e000 	C:\Program Files\Java\jdk-21\bin\msvcp140.dll
0x00007ff855780000 - 0x00007ff856495000 	C:\Program Files\Java\jdk-21\bin\server\jvm.dll
0x00007ff8b3e40000 - 0x00007ff8b3eab000 	C:\WINDOWS\System32\WS2_32.dll
0x00007ff8b1910000 - 0x00007ff8b195b000 	C:\WINDOWS\SYSTEM32\POWRPROF.dll
0x00007ff8a0820000 - 0x00007ff8a0847000 	C:\WINDOWS\SYSTEM32\WINMM.dll
0x00007ff8b1780000 - 0x00007ff8b1792000 	C:\WINDOWS\SYSTEM32\UMPDC.dll
0x00007ff8b0220000 - 0x00007ff8b0232000 	C:\WINDOWS\SYSTEM32\kernel.appcore.dll
0x00007ff8acef0000 - 0x00007ff8acefa000 	C:\Program Files\Java\jdk-21\bin\jimage.dll
0x00007ff89d530000 - 0x00007ff89d714000 	C:\WINDOWS\SYSTEM32\DBGHELP.DLL
0x00007ff8911d0000 - 0x00007ff891204000 	C:\WINDOWS\SYSTEM32\dbgcore.DLL
0x00007ff8b2c80000 - 0x00007ff8b2d02000 	C:\WINDOWS\System32\bcryptPrimitives.dll
0x00007ff8a9d80000 - 0x00007ff8a9d9f000 	C:\Program Files\Java\jdk-21\bin\java.dll
0x00007ff8b2e00000 - 0x00007ff8b356f000 	C:\WINDOWS\System32\SHELL32.dll
0x00007ff8b0420000 - 0x00007ff8b0bc3000 	C:\WINDOWS\SYSTEM32\windows.storage.dll
0x00007ff8b3f60000 - 0x00007ff8b42b3000 	C:\WINDOWS\System32\combase.dll
0x00007ff8b1df0000 - 0x00007ff8b1e1e000 	C:\WINDOWS\SYSTEM32\Wldp.dll
0x00007ff8b4c00000 - 0x00007ff8b4ccd000 	C:\WINDOWS\System32\OLEAUT32.dll
0x00007ff8b3b90000 - 0x00007ff8b3c3d000 	C:\WINDOWS\System32\SHCORE.dll
0x00007ff8b3620000 - 0x00007ff8b3675000 	C:\WINDOWS\System32\shlwapi.dll
0x00007ff8b22f0000 - 0x00007ff8b2314000 	C:\WINDOWS\SYSTEM32\profapi.dll
0x00007ff87cfb0000 - 0x00007ff87d087000 	C:\Program Files\Java\jdk-21\bin\jsvml.dll
0x00007ff8aa000000 - 0x00007ff8aa010000 	C:\Program Files\Java\jdk-21\bin\net.dll
0x00007ff8ad120000 - 0x00007ff8ad22d000 	C:\WINDOWS\SYSTEM32\WINHTTP.dll
0x00007ff8b1b00000 - 0x00007ff8b1b6a000 	C:\WINDOWS\system32\mswsock.dll
0x00007ff8a9c00000 - 0x00007ff8a9c16000 	C:\Program Files\Java\jdk-21\bin\nio.dll
0x00007ff8a9d60000 - 0x00007ff8a9d78000 	C:\Program Files\Java\jdk-21\bin\zip.dll
0x00007ff8a8e30000 - 0x00007ff8a8e3a000 	C:\Program Files\Java\jdk-21\bin\management.dll
0x00007ff8a8e20000 - 0x00007ff8a8e2b000 	C:\Program Files\Java\jdk-21\bin\management_ext.dll
0x00007ff8b3610000 - 0x00007ff8b3618000 	C:\WINDOWS\System32\PSAPI.DLL

dbghelp: loaded successfully - version: 4.0.5 - missing functions: none
symbol engine: initialized successfully - sym options: 0x614 - pdb path: .;C:\Program Files\Java\jdk-21\bin;C:\WINDOWS\SYSTEM32;C:\WINDOWS\WinSxS\amd64_microsoft.windows.common-controls_6595b64144ccf1df_6.0.19041.4355_none_60b8b9eb71f62e16;C:\Program Files\Java\jdk-21\bin\server

VM Arguments:
jvm_args: -Dfile.encoding=x-windows-949 -Duser.country=KR -Duser.language=ko -Duser.variant 
java_command: com.green.Shop.ShopApplication
java_class_path (initial): C:\Users\\Desktop\workspace\workspace_spring\Shop\build\classes\java\main;C:\Users\\Desktop\workspace\workspace_spring\Shop\build\resources\main;C:\Users\\.gradle\caches\modules-2\files-2.1\org.springframework.boot\spring-boot-devtools\3.3.2\ff9e444f433eeafd6bc88025909459f835631038\spring-boot-devtools-3.3.2.jar;C:\Users\\.gradle\caches\modules-2\files-2.1\org.bgee.log4jdbc-log4j2\log4jdbc-log4j2-jdbc4\1.16\91737e2f0dcca243e9e31e593d893da33ab22702\log4jdbc-log4j2-jdbc4-1.16.jar;C:\Users\\.gradle\caches\modules-2\files-2.1\org.springframework.boot\spring-boot-starter-web\3.3.2\720418538668a8742d0ae24097811d5250cf5c32\spring-boot-starter-web-3.3.2.jar;C:\Users\\.gradle\caches\modules-2\files-2.1\org.mybatis.spring.boot\mybatis-spring-boot-starter\3.0.3\19528356bf8bad2be5f8bf796dfc30bcc4996054\mybatis-spring-boot-starter-3.0.3.jar;C:\Users\\.gradle\caches\modules-2\files-2.1\org.mariadb.jdbc\mariadb-java-client\3.3.3\149f773186f5b7d2e840cfaecf4e3bcdddf7b065\mariadb-java-client-3.3.3.jar;C:\Users\\.gradle\caches\modules-2\files-2.1\org.springframework.boot\spring-boot-starter-json\3.3.2\d8b8b73e7820092b4e41d730eeb968add7957c45\spring-boot-starter-json-3.3.2.jar;C:\Users\\.gradle\caches\modules-2\files-2.1\org.springframework.boot\spring-boot-starter-jdbc\3.3.2\544775d745288972598ab2e872e5a4816b6d9b39\spring-boot-starter-jdbc-3.3.2.jar;C:\Users\\.gradle\caches\modules-2\files-2.1\org.springframework.boot\spring-boot-starter\3.3.2\f9377a223dab5c4afe7aead05bf6ac567cf565ab\spring-boot-starter-3.3.2.jar;C:\Users\\.gradle\caches\modules-2\files-2.1\org.mybatis.spring.boot\mybatis-spring-boot-autoconfigure\3.0.3\b73a2effa4f60a2eeca98aa12ea3437faede0f73\mybatis-spring-boot-autoconfigure-3.0.3.jar;C:\Users\\.gradle\caches\modules-2\files-2.1\org.springframework.boot\spring-boot-autoconfigure\3.3.2\6a9ab910b00f0b504a5903e3680ac10018da6247\spring-boot-autoconfigure-3.3.2.jar;C:\Users\\.gradle\caches\modules-2\files-2.1\org.springframework.boot\spring-boot\3.3.2\72a257d5518b2b8b9949a26543cdb3a4e67de5f8\spring-boot-3.3.2.jar;C:\Users\\.gradle\caches\modules-2\files-2.1\org.springframework.boot\spring-boot-starter-tomcat\3.3.2\37ccb53cd5207fffd7a6fc1b591687f8cb1350df\spring-boot-starter-tomcat-3.3.2.jar;C:\Users\\.gradle\caches\modules-2\files-2.1\org.springframework\spring-webmvc\6.1.11\9ec4c2a5e28bf7b2d60e254e976940b12c8ba32a\spring-webmvc-6.1.11.jar;C:\Users\\.gradle\caches\modules-2\files-2.1\org.springframework\spring-web\6.1.11\8910d08f15492273543d2c8032b2b895e08ed9e\spring-web-6.1.11.jar;C:\Users\\.gradle\caches\modules-2\files-2.1\org.mybatis\mybatis\3.5.14\d94d2267d1caf1c31748123e671dcea5ad1a6f8\mybatis-3.5.14.jar;C:\Users\\.gradle\caches\modules-2\files-2.1\org.mybatis\mybatis-spring\3.0.3\5a4ab31bfb62bca615b39ade93de2a607e9b9403\mybatis-spring-3.0.3.jar;C:\Users\\.gradle\caches\modules-2\files-2.1\com.github.waffle\waffle-jna\3.3.0\6c1a06b345702bb1dfd77006af926b091bded851\waffle-jna-3.3.0.jar;C:\Users\\.gradle\caches\modules-2\files-2.1\org.springframework\spring-context\6.1.11\8fc69f776333713aa26be8821af8c6355ccad8d8\spring-context-6.1.11.jar;C:\Users\\.gradle\caches\modules-2\files-2.1\org.springframework\spring-aop\6.1.11\3503ef99b759b81f8b0b3d5260bf4842e393a581\spring-aop-6.1.11.jar;C:\Users\\.gradle\caches\modules-2\files-2.1\org.springframework\spring-jdbc\6.1.11\92b9f712206993c56c56903547c6b695a4a70128\spring-jdbc-6.1.11.jar;C:\Users\\.gradle\caches\modules-2\files-2.1\org.springframework\spring-tx\6.1.11\2e38b3218ae80d0b5401a4ef299c4cfbc3a73ed7\spring-tx-6.1.11.jar;C:\Users\\.gradle\caches\modules-2\files-2.1\org.springframework\spring-beans\6.1.11\266176d132ab2bbf8e69e4aa6d7f47ec746ddc9a\spring-beans-6.1.11.jar;C:\Users\\.gradle\caches\modules-2\files-2.1\org.springframework\spring-expression\6.1.11\7c12cf1cd39289cfab7c5933eda9e4704a7f2799\spring-expression-6.1.11.jar;C:\Users\\.gradle\caches\modules-2\files-2.1\org.springframework\spring-core\6.1.11\90fce4311852c68c1e87c65adf60db9add1a6dcb\spring-core-6.1.11.jar;C:\Users\\.gradle\caches\modules-2\files-2.1\org.springframework.boot\spring-boot-starter-logging\3.3.2\b685c97f3c24dc30c53ae18151a798f701f2a640\spring-boot-starter-logging-3.3.2.jar;C:\Users\\.gradle\caches\modules-2\files-2.1\jakarta.annotation\jakarta.annotation-api\2.1.1\48b9bda22b091b1f48b13af03fe36db3be6e1ae3\jakarta.annotation-api-2.1.1.jar;C:\Users\\.gradle\caches\modules-2\files-2.1\org.yaml\snakeyaml\2.2\3af797a25458550a16bf89acc8e4ab2b7f2bfce0\snakeyaml-2.2.jar;C:\Users\\.gradle\caches\modules-2\files-2.1\com.fasterxml.jackson.datatype\jackson-datatype-jsr310\2.17.2\267b85e9ba2892a37be6d80aa9ca1438a0d8c210\jackson-datatype-jsr310-2.17.2.jar;C:\Users\\.gradle\caches\modules-2\files-2.1\com.fasterxml.jackson.module\jackson-module-parameter-names\2.17.2\d27b9f95ccce98984c1ba58d61c5a9c072b1ad95\jackson-module-parameter-names-2.17.2.jar;C:\Users\\.gradle\caches\modules-2\files-2.1\com.fasterxml.jackson.core\jackson-annotations\2.17.2\147b7b9412ffff24339f8aba080b292448e08698\jackson-annotations-2.17.2.jar;C:\Users\\.gradle\caches\modules-2\files-2.1\com.fasterxml.jackson.core\jackson-core\2.17.2\969a35cb35c86512acbadcdbbbfb044c877db814\jackson-core-2.17.2.jar;C:\Users\\.gradle\caches\modules-2\files-2.1\com.fasterxml.jackson.datatype\jackson-datatype-jdk8\2.17.2\efd3dd0e1d0db8bc72abbe71c15e697bb83b4b45\jackson-datatype-jdk8-2.17.2.jar;C:\Users\\.gradle\caches\modules-2\files-2.1\com.fasterxml.jackson.core\jackson-databind\2.17.2\e6deb029e5901e027c129341fac39e515066b68c\jackson-databind-2.17.2.jar;C:\Users\\.gradle\caches\modules-2\files-2.1\org.apache.tomcat.embed\tomcat-embed-websocket\10.1.26\3b147d7e5566e9361e86422f9e49fdd56a429637\tomcat-embed-websocket-10.1.26.jar;C:\Users\\.gradle\caches\modules-2\files-2.1\org.apache.tomcat.embed\tomcat-embed-core\10.1.26\5e0fa06ca373ef0ca55e603291ea51b590c377ea\tomcat-embed-core-10.1.26.jar;C:\Users\\.gradle\caches\modules-2\files-2.1\org.apache.tomcat.embed\tomcat-embed-el\10.1.26\5a5cbcb3e51fcd557b164736e9920a3dd2ac1e33\tomcat-embed-el-10.1.26.jar;C:\Users\\.gradle\caches\modules-2\files-2.1\io.micrometer\micrometer-observation\1.13.2\a498ee0871596f41a61679a29bc8390defba4245\micrometer-observation-1.13.2.jar;C:\Users\\.gradle\caches\modules-2\files-2.1\com.zaxxer\HikariCP\5.1.0\8c96e36c14461fc436bb02b264b96ef3ca5dca8c\HikariCP-5.1.0.jar;C:\Users\\.gradle\caches\modules-2\files-2.1\net.java.dev.jna\jna-platform\5.13.0\88e9a306715e9379f3122415ef4ae759a352640d\jna-platform-5.13.0.jar;C:\Users\\.gradle\caches\modules-2\files-2.1\net.java.dev.jna\jna\5.13.0\1200e7ebeedbe0d10062093f32925a912020e747\jna-5.13.0.jar;C:\Users\\.gradle\caches\modules-2\files-2.1\org.slf4j\jcl-over-slf4j\2.0.13\d062d6e35605aabee0c727a950e29d39ac0a262e\jcl-over-slf4j-2.0.13.jar;C:\Users\\.gradle\caches\modules-2\files-2.1\ch.qos.logback\logback-classic\1.5.6\afc75d260d838a3bddfb8f207c2805ed7d1b34f9\logback-classic-1.5.6.jar;C:\Users\\.gradle\caches\modules-2\files-2.1\org.apache.logging.log4j\log4j-to-slf4j\2.23.1\425ad1eb8a39904d2830e907a324e956fb456520\log4j-to-slf4j-2.23.1.jar;C:\Users\\.gradle\caches\modules-2\files-2.1\org.slf4j\jul-to-slf4j\2.0.13\a3bcd9d9dd50c71ce69f06b1fd05e40fdeff6ba5\jul-to-slf4j-2.0.13.jar;C:\Users\\.gradle\caches\modules-2\files-2.1\org.slf4j\slf4j-api\2.0.13\80229737f704b121a318bba5d5deacbcf395bc77\slf4j-api-2.0.13.jar;C:\Users\\.gradle\caches\modules-2\files-2.1\com.github.ben-manes.caffeine\caffeine\3.1.8\24795585df8afaf70a2cd534786904ea5889c047\caffeine-3.1.8.jar;C:\Users\\.gradle\caches\modules-2\files-2.1\org.checkerframework\checker-qual\3.37.0\ba74746d38026581c12166e164bb3c15e90cc4ea\checker-qual-3.37.0.jar;C:\Users\\.gradle\caches\modules-2\files-2.1\org.springframework\spring-jcl\6.1.11\97b34c6b72c8084759e71cd09a7dad16bfb8f1da\spring-jcl-6.1.11.jar;C:\Users\\.gradle\caches\modules-2\files-2.1\io.micrometer\micrometer-commons\1.13.2\b2b69f7887f9bf6f5ae42e86a67a62367056aa3c\micrometer-commons-1.13.2.jar;C:\Users\\.gradle\caches\modules-2\files-2.1\com.google.errorprone\error_prone_annotations\2.21.1\6d9b10773b5237df178a7b3c1b4208df7d0e7f94\error_prone_annotations-2.21.1.jar;C:\Users\\.gradle\caches\modules-2\files-2.1\ch.qos.logback\logback-core\1.5.6\41cbe874701200c5624c19e0ab50d1b88dfcc77d\logback-core-1.5.6.jar;C:\Users\\.gradle\caches\modules-2\files-2.1\org.apache.logging.log4j\log4j-api\2.23.1\9c15c29c526d9c6783049c0a77722693c66706e1\log4j-api-2.23.1.jar
Launcher Type: SUN_STANDARD

[Global flags]
     intx CICompilerCount                          = 3                                         {product} {ergonomic}
     uint ConcGCThreads                            = 1                                         {product} {ergonomic}
     uint G1ConcRefinementThreads                  = 4                                         {product} {ergonomic}
   size_t G1HeapRegionSize                         = 2097152                                   {product} {ergonomic}
    uintx GCDrainStackTargetSize                   = 64                                        {product} {ergonomic}
   size_t InitialHeapSize                          = 268435456                                 {product} {ergonomic}
   size_t MarkStackSize                            = 4194304                                   {product} {ergonomic}
   size_t MaxHeapSize                              = 4284481536                                {product} {ergonomic}
   size_t MaxNewSize                               = 2569011200                                {product} {ergonomic}
   size_t MinHeapDeltaBytes                        = 2097152                                   {product} {ergonomic}
   size_t MinHeapSize                              = 8388608                                   {product} {ergonomic}
    uintx NonNMethodCodeHeapSize                   = 5832780                                {pd product} {ergonomic}
    uintx NonProfiledCodeHeapSize                  = 122912730                              {pd product} {ergonomic}
    uintx ProfiledCodeHeapSize                     = 122912730                              {pd product} {ergonomic}
    uintx ReservedCodeCacheSize                    = 251658240                              {pd product} {ergonomic}
     bool SegmentedCodeCache                       = true                                      {product} {ergonomic}
   size_t SoftMaxHeapSize                          = 4284481536                             {manageable} {ergonomic}
     bool UseCompressedOops                        = true                           {product lp64_product} {ergonomic}
     bool UseG1GC                                  = true                                      {product} {ergonomic}
     bool UseLargePagesIndividualAllocation        = false                                  {pd product} {ergonomic}

Logging:
Log output configuration:
 #0: stdout all=warning uptime,level,tags foldmultilines=false
 #1: stderr all=off uptime,level,tags foldmultilines=false

Environment Variables:
JAVA_HOME=C:\Program Files\Java\jdk-21
CLASSPATH=C:\Program Files\Java\jdk-21\lib
PATH=C:\Program Files\Java\jdk-21\bin;C:\Program Files\Common Files\Oracle\Java\javapath;C:\Program Files (x86)\NAT Service;C:\WINDOWS\system32;C:\WINDOWS;C:\WINDOWS\System32\Wbem;C:\WINDOWS\System32\WindowsPowerShell\v1.0\;C:\WINDOWS\System32\OpenSSH\;C:\Program Files\NVIDIA Corporation\NVIDIA NvDLISR;C:\Program Files (x86)\NVIDIA Corporation\PhysX\Common;C:\Program Files\dotnet\;C:\Program Files\nodejs\;C:\Users\\AppData\Local\Microsoft\WindowsApps;C:\Program Files\Bandizip\;D:\Microsoft VS Code\bin;C:\Program Files\JetBrains\IntelliJ IDEA Community Edition 2024.1.2\bin;;C:\Users\\AppData\Local\GitHubDesktop\bin;C:\Users\\AppData\Roaming\npm
USERNAME=
OS=Windows_NT
PROCESSOR_IDENTIFIER=Intel64 Family 6 Model 158 Stepping 9, GenuineIntel
TMP=C:\Users\\AppData\Local\Temp
TEMP=C:\Users\\AppData\Local\Temp




Periodic native trim disabled

---------------  S Y S T E M  ---------------

OS:
 Windows 10 , 64 bit Build 19041 (10.0.19041.4842)
OS uptime: 23 days 4:59 hours
Hyper-V role detected

CPU: total 4 (initial active 4) (4 cores per cpu, 1 threads per core) family 6 model 158 stepping 9 microcode 0xb4, cx8, cmov, fxsr, mmx, 3dnowpref, sse, sse2, sse3, ssse3, sse4.1, sse4.2, popcnt, lzcnt, tsc, tscinvbit, avx, avx2, aes, erms, clmul, bmi1, bmi2, adx, fma, vzeroupper, clflush, clflushopt, hv, rdtscp, f16c
Processor Information for all 4 processors :
  Max Mhz: 3001, Current Mhz: 3001, Mhz Limit: 3001

Memory: 4k page, system-wide physical 16342M (1701M free)
TotalPageFile size 48952M (AvailPageFile size 24M)
current process WorkingSet (physical memory assigned to process): 114M, peak: 114M
current process commit charge ("private bytes"): 373M, peak: 373M

vm_info: Java HotSpot(TM) 64-Bit Server VM (21.0.1+12-LTS-29) for windows-amd64 JRE (21.0.1+12-LTS-29), built on 2023-10-05T13:27:09Z by "mach5one" with MS VC++ 17.1 (VS2022)

END.
